<?xml version='1.0'?>
<ns2:test-suite xmlns:ns2='urn:model.allure.qatools.yandex.ru' start='1632094395730' stop='1632094451800'>
    <name>Agregar a carrito: </name>
    <title>Agregar a carrito: </title>
    <test-cases>
        <test-case start='1632094395730' status='passed' stop='1632094413643'>
            <name>Chequear que no haya una sesion abierta</name>
            <title>Chequear que no haya una sesion abierta</title>
            <labels>
                <label name='language' value='javascript'/>
                <label name='framework' value='wdio'/>
                <label name='thread' value='0-0'/>
            </labels>
            <parameters>
                <parameter kind='argument' name='browser' value='chrome-93.0.4577.82'/>
            </parameters>
            <steps>
                <step start='1632094410563' status='passed' stop='1632094410563'>
                    <name>Cierra sesion abierta</name>
                    <title>Cierra sesion abierta</title>
                    <attachments/>
                    <steps/>
                </step>
            </steps>
            <attachments/>
        </test-case>
        <test-case start='1632094413643' status='passed' stop='1632094422846'>
            <name>Abre usuario creado para este test</name>
            <title>Abre usuario creado para este test</title>
            <labels>
                <label name='language' value='javascript'/>
                <label name='framework' value='wdio'/>
                <label name='thread' value='0-0'/>
            </labels>
            <parameters>
                <parameter kind='argument' name='browser' value='chrome-93.0.4577.82'/>
            </parameters>
            <steps>
                <step start='1632094413643' status='passed' stop='1632094413648'>
                    <name>Inicia nuevo registro</name>
                    <title>Inicia nuevo registro</title>
                    <attachments/>
                    <steps/>
                </step>
                <step start='1632094416924' status='passed' stop='1632094416924'>
                    <name>Ingresa usuario existente</name>
                    <title>Ingresa usuario existente</title>
                    <attachments/>
                    <steps/>
                </step>
            </steps>
            <attachments/>
        </test-case>
        <test-case start='1632094422846' status='passed' stop='1632094430582'>
            <name>Busca producto pre cargado en datos y lo agrega al carrito</name>
            <title>Busca producto pre cargado en datos y lo agrega al carrito</title>
            <labels>
                <label name='language' value='javascript'/>
                <label name='framework' value='wdio'/>
                <label name='thread' value='0-0'/>
            </labels>
            <parameters>
                <parameter kind='argument' name='browser' value='chrome-93.0.4577.82'/>
            </parameters>
            <steps>
                <step start='1632094422846' status='passed' stop='1632094422846'>
                    <name>Buscar articulo</name>
                    <title>Buscar articulo</title>
                    <attachments/>
                    <steps/>
                </step>
                <step start='1632094423131' status='passed' stop='1632094423131'>
                    <name>Agrega producto a carrito</name>
                    <title>Agrega producto a carrito</title>
                    <attachments/>
                    <steps/>
                </step>
            </steps>
            <attachments/>
        </test-case>
        <test-case start='1632094430582' status='passed' stop='1632094431075'>
            <name>Comparación de imágenes: Verifica que el producto se agrego al carrito</name>
            <title>Comparación de imágenes: Verifica que el producto se agrego al carrito</title>
            <labels>
                <label name='language' value='javascript'/>
                <label name='framework' value='wdio'/>
                <label name='thread' value='0-0'/>
            </labels>
            <parameters>
                <parameter kind='argument' name='browser' value='chrome-93.0.4577.82'/>
            </parameters>
            <steps/>
            <attachments>
                <attachment title='Screenshot' source='07e681b5-d7f6-4fa6-93aa-3a2f16dc1005-attachment.png' type='image/png' size='235083'/>
            </attachments>
        </test-case>
        <test-case start='1632094431075' status='broken' stop='1632094431288'>
            <name>Proceder con compra</name>
            <title>Proceder con compra</title>
            <labels>
                <label name='language' value='javascript'/>
                <label name='framework' value='wdio'/>
                <label name='thread' value='0-0'/>
            </labels>
            <parameters>
                <parameter kind='argument' name='browser' value='chrome-93.0.4577.82'/>
            </parameters>
            <steps/>
            <attachments>
                <attachment title='Screenshot' source='12ed69a4-fafc-4dc9-a111-69ec90a7d55d-attachment.png' type='image/png' size='235319'/>
            </attachments>
            <failure>
                <message>this.procederCheckout.click is not a function</message>
                <stack-trace>TypeError: this.procederCheckout.click is not a function
                    at SearchPage.procederCheckout (C:\Juancho\Academy\WebdriverIO\PruebaFinal2\pages\/search.page.js:24:37)
                    at Context.&lt;anonymous> (C:\Juancho\Academy\WebdriverIO\PruebaFinal2\tests\/realizarCompra.test.js:44:26)
                    at Context.executeAsync (C:\Juancho\Academy\WebdriverIO\PruebaFinal2\node_modules\@wdio\utils\build\shim.js:293:27)
                    at Context.testFrameworkFnWrapper (C:\Juancho\Academy\WebdriverIO\PruebaFinal2\node_modules\@wdio\utils\build\test-framework\testFnWrapper.js:45:32)</stack-trace>
            </failure>
        </test-case>
        <test-case start='1632094431288' status='broken' stop='1632094441543'>
            <name>Selecciono Metodo de Pago</name>
            <title>Selecciono Metodo de Pago</title>
            <labels>
                <label name='language' value='javascript'/>
                <label name='framework' value='wdio'/>
                <label name='thread' value='0-0'/>
            </labels>
            <parameters>
                <parameter kind='argument' name='browser' value='chrome-93.0.4577.82'/>
            </parameters>
            <steps>
                <step start='1632094431288' status='passed' stop='1632094431288'>
                    <name>Selecciono metodo de pago</name>
                    <title>Selecciono metodo de pago</title>
                    <attachments/>
                    <steps/>
                </step>
            </steps>
            <attachments>
                <attachment title='Screenshot' source='e54475f3-1d24-4d57-b70e-b0ff219c3079-attachment.png' type='image/png' size='235475'/>
            </attachments>
            <failure>
                <message>element (".cheque") still not clickable after 10000ms</message>
                <stack-trace>Error: element (".cheque") still not clickable after 10000ms
                    at C:\Juancho\Academy\WebdriverIO\PruebaFinal2\node_modules\webdriverio\build\commands\browser\waitUntil.js:66:23
                    at Element.wrapCommandFn (C:\Juancho\Academy\WebdriverIO\PruebaFinal2\node_modules\@wdio\utils\build\shim.js:106:29)
                    at Element.elementErrorHandlerCallbackFn (C:\Juancho\Academy\WebdriverIO\PruebaFinal2\node_modules\webdriverio\build\middlewares.js:24:32)
                    at Element.wrapCommandFn (C:\Juancho\Academy\WebdriverIO\PruebaFinal2\node_modules\@wdio\utils\build\shim.js:106:29)
                    at Element.wrapCommandFn (C:\Juancho\Academy\WebdriverIO\PruebaFinal2\node_modules\@wdio\utils\build\shim.js:106:29)
                    at Element.elementErrorHandlerCallbackFn (C:\Juancho\Academy\WebdriverIO\PruebaFinal2\node_modules\webdriverio\build\middlewares.js:24:32)
                    at Element.wrapCommandFn (C:\Juancho\Academy\WebdriverIO\PruebaFinal2\node_modules\@wdio\utils\build\shim.js:106:29)
                    at PaymanetMethodPage.clickearElemento (C:\Juancho\Academy\WebdriverIO\PruebaFinal2\pages\/base.page.js:37:8)
                    at PaymanetMethodPage.seleccionarMetodoPago (C:\Juancho\Academy\WebdriverIO\PruebaFinal2\pages\/paymentMethod.page.js:18:9)
                    at Context.&lt;anonymous> (C:\Juancho\Academy\WebdriverIO\PruebaFinal2\tests\/realizarCompra.test.js:51:9)</stack-trace>
            </failure>
        </test-case>
        <test-case start='1632094441543' status='broken' stop='1632094451798'>
            <name>Comparación de imágenes: verifica la compra final</name>
            <title>Comparación de imágenes: verifica la compra final</title>
            <labels>
                <label name='language' value='javascript'/>
                <label name='framework' value='wdio'/>
                <label name='thread' value='0-0'/>
            </labels>
            <parameters>
                <parameter kind='argument' name='browser' value='chrome-93.0.4577.82'/>
            </parameters>
            <steps/>
            <attachments>
                <attachment title='Screenshot' source='545636fe-aa39-4271-8847-9e0917843901-attachment.png' type='image/png' size='235475'/>
            </attachments>
            <failure>
                <message>element ("p=Your order on My Store is complete.") still not displayed after 10000ms</message>
                <stack-trace>Error: element ("p=Your order on My Store is complete.") still not displayed after 10000ms
                    at C:\Juancho\Academy\WebdriverIO\PruebaFinal2\node_modules\webdriverio\build\commands\browser\waitUntil.js:66:23
                    at Element.wrapCommandFn (C:\Juancho\Academy\WebdriverIO\PruebaFinal2\node_modules\@wdio\utils\build\shim.js:106:29)
                    at Element.elementErrorHandlerCallbackFn (C:\Juancho\Academy\WebdriverIO\PruebaFinal2\node_modules\webdriverio\build\middlewares.js:24:32)
                    at Element.wrapCommandFn (C:\Juancho\Academy\WebdriverIO\PruebaFinal2\node_modules\@wdio\utils\build\shim.js:106:29)
                    at Element.wrapCommandFn (C:\Juancho\Academy\WebdriverIO\PruebaFinal2\node_modules\@wdio\utils\build\shim.js:106:29)
                    at Element.elementErrorHandlerCallbackFn (C:\Juancho\Academy\WebdriverIO\PruebaFinal2\node_modules\webdriverio\build\middlewares.js:24:32)
                    at Element.wrapCommandFn (C:\Juancho\Academy\WebdriverIO\PruebaFinal2\node_modules\@wdio\utils\build\shim.js:106:29)
                    at Context.&lt;anonymous> (C:\Juancho\Academy\WebdriverIO\PruebaFinal2\tests\/realizarCompra.test.js:56:9)</stack-trace>
            </failure>
        </test-case>
    </test-cases>
</ns2:test-suite>