<?xml version='1.0'?>
<ns2:test-suite xmlns:ns2='urn:model.allure.qatools.yandex.ru' start='1632315982251' stop='1632316097505'>
    <name>Agregar a carrito: </name>
    <title>Agregar a carrito: </title>
    <test-cases>
        <test-case start='1632315982252' status='passed' stop='1632316007695'>
            <name>Chequear que no haya una sesion abierta</name>
            <title>Chequear que no haya una sesion abierta</title>
            <labels>
                <label name='language' value='javascript'/>
                <label name='framework' value='wdio'/>
                <label name='thread' value='0-0'/>
            </labels>
            <parameters>
                <parameter kind='argument' name='browser' value='chrome-94.0.4606.54'/>
            </parameters>
            <steps>
                <step start='1632316004616' status='passed' stop='1632316004616'>
                    <name>Cierra sesion abierta</name>
                    <title>Cierra sesion abierta</title>
                    <attachments/>
                    <steps/>
                </step>
            </steps>
            <attachments/>
        </test-case>
        <test-case start='1632316007696' status='passed' stop='1632316043343'>
            <name>Abre usuario creado para este test</name>
            <title>Abre usuario creado para este test</title>
            <labels>
                <label name='language' value='javascript'/>
                <label name='framework' value='wdio'/>
                <label name='thread' value='0-0'/>
            </labels>
            <parameters>
                <parameter kind='argument' name='browser' value='chrome-94.0.4606.54'/>
            </parameters>
            <steps>
                <step start='1632316007697' status='passed' stop='1632316007697'>
                    <name>Inicia nuevo registro</name>
                    <title>Inicia nuevo registro</title>
                    <attachments/>
                    <steps/>
                </step>
                <step start='1632316022895' status='passed' stop='1632316022895'>
                    <name>Ingresa usuario existente</name>
                    <title>Ingresa usuario existente</title>
                    <attachments/>
                    <steps/>
                </step>
            </steps>
            <attachments/>
        </test-case>
        <test-case start='1632316043344' status='passed' stop='1632316068049'>
            <name>Busca producto pre cargado en datos y lo agrega al carrito</name>
            <title>Busca producto pre cargado en datos y lo agrega al carrito</title>
            <labels>
                <label name='language' value='javascript'/>
                <label name='framework' value='wdio'/>
                <label name='thread' value='0-0'/>
            </labels>
            <parameters>
                <parameter kind='argument' name='browser' value='chrome-94.0.4606.54'/>
            </parameters>
            <steps>
                <step start='1632316043345' status='passed' stop='1632316043345'>
                    <name>Buscar articulo</name>
                    <title>Buscar articulo</title>
                    <attachments/>
                    <steps/>
                </step>
                <step start='1632316043546' status='passed' stop='1632316043546'>
                    <name>Agrega producto a carrito</name>
                    <title>Agrega producto a carrito</title>
                    <attachments/>
                    <steps/>
                </step>
            </steps>
            <attachments/>
        </test-case>
        <test-case start='1632316068049' status='failed' stop='1632316076840'>
            <name>Comparación de imágenes: Verifica que el producto se agrego al carrito</name>
            <title>Comparación de imágenes: Verifica que el producto se agrego al carrito</title>
            <labels>
                <label name='language' value='javascript'/>
                <label name='framework' value='wdio'/>
                <label name='thread' value='0-0'/>
            </labels>
            <parameters>
                <parameter kind='argument' name='browser' value='chrome-94.0.4606.54'/>
            </parameters>
            <steps/>
            <attachments>
                <attachment title='Screenshot' source='0b9f8d5a-ce0e-497e-b881-879a90d596b7-attachment.png' type='image/png' size='231691'/>
                <attachment title='Screenshot' source='0db51f1a-71ce-4bd7-bfbe-95b4f65b434e-attachment.png' type='image/png' size='231699'/>
            </attachments>
            <failure>
                <message>Error: el producto no se agregó correctamente al carrito: expected 12.19 to equal 0      
                      actual expected
                      
                      12.190
                      </message>
                <stack-trace>AssertionError: Error: el producto no se agregó correctamente al carrito: expected 12.19 to equal 0
                    at Context.&lt;anonymous> (C:\Juancho\Academy\WebdriverIO\PruebaFinal2\tests\/realizarCompra.test.js:40:11)</stack-trace>
            </failure>
        </test-case>
        <test-case start='1632316076841' status='broken' stop='1632316077060'>
            <name>Proceder con compra</name>
            <title>Proceder con compra</title>
            <labels>
                <label name='language' value='javascript'/>
                <label name='framework' value='wdio'/>
                <label name='thread' value='0-0'/>
            </labels>
            <parameters>
                <parameter kind='argument' name='browser' value='chrome-94.0.4606.54'/>
            </parameters>
            <steps/>
            <attachments>
                <attachment title='Screenshot' source='2bf3985f-b61c-44c9-a460-d2a3a2947975-attachment.png' type='image/png' size='231699'/>
            </attachments>
            <failure>
                <message>elemento.waitForClickable is not a function</message>
                <stack-trace>TypeError: elemento.waitForClickable is not a function
                    at SearchPage.clickearElemento (C:\Juancho\Academy\WebdriverIO\PruebaFinal2\pages\/base.page.js:37:23)
                    at Context.&lt;anonymous> (C:\Juancho\Academy\WebdriverIO\PruebaFinal2\tests\/realizarCompra.test.js:47:26)</stack-trace>
            </failure>
        </test-case>
        <test-case start='1632316077060' status='broken' stop='1632316087286'>
            <name>Selecciono Metodo de Pago</name>
            <title>Selecciono Metodo de Pago</title>
            <labels>
                <label name='language' value='javascript'/>
                <label name='framework' value='wdio'/>
                <label name='thread' value='0-0'/>
            </labels>
            <parameters>
                <parameter kind='argument' name='browser' value='chrome-94.0.4606.54'/>
            </parameters>
            <steps>
                <step start='1632316077060' status='passed' stop='1632316077060'>
                    <name>Selecciono metodo de pago</name>
                    <title>Selecciono metodo de pago</title>
                    <attachments/>
                    <steps/>
                </step>
            </steps>
            <attachments>
                <attachment title='Screenshot' source='10b90081-760f-42f6-9e44-cf1764a30075-attachment.png' type='image/png' size='231699'/>
            </attachments>
            <failure>
                <message>element (".cheque") still not clickable after 10000ms</message>
                <stack-trace>Error: element (".cheque") still not clickable after 10000ms
                    at C:\Juancho\Academy\WebdriverIO\PruebaFinal2\node_modules\webdriverio\build\commands\browser\waitUntil.js:66:23
                    at Element.wrapCommandFn (C:\Juancho\Academy\WebdriverIO\PruebaFinal2\node_modules\@wdio\utils\build\shim.js:106:29)
                    at Element.elementErrorHandlerCallbackFn (C:\Juancho\Academy\WebdriverIO\PruebaFinal2\node_modules\webdriverio\build\middlewares.js:24:32)
                    at Element.wrapCommandFn (C:\Juancho\Academy\WebdriverIO\PruebaFinal2\node_modules\@wdio\utils\build\shim.js:106:29)
                    at Element.wrapCommandFn (C:\Juancho\Academy\WebdriverIO\PruebaFinal2\node_modules\@wdio\utils\build\shim.js:106:29)
                    at Element.elementErrorHandlerCallbackFn (C:\Juancho\Academy\WebdriverIO\PruebaFinal2\node_modules\webdriverio\build\middlewares.js:24:32)
                    at Element.wrapCommandFn (C:\Juancho\Academy\WebdriverIO\PruebaFinal2\node_modules\@wdio\utils\build\shim.js:106:29)
                    at PaymanetMethodPage.clickearElemento (C:\Juancho\Academy\WebdriverIO\PruebaFinal2\pages\/base.page.js:37:8)
                    at PaymanetMethodPage.seleccionarMetodoPago (C:\Juancho\Academy\WebdriverIO\PruebaFinal2\pages\/paymentMethod.page.js:18:9)
                    at Context.&lt;anonymous> (C:\Juancho\Academy\WebdriverIO\PruebaFinal2\tests\/realizarCompra.test.js:54:9)</stack-trace>
            </failure>
        </test-case>
        <test-case start='1632316087286' status='broken' stop='1632316097504'>
            <name>Comparación de imágenes: verifica la compra final</name>
            <title>Comparación de imágenes: verifica la compra final</title>
            <labels>
                <label name='language' value='javascript'/>
                <label name='framework' value='wdio'/>
                <label name='thread' value='0-0'/>
            </labels>
            <parameters>
                <parameter kind='argument' name='browser' value='chrome-94.0.4606.54'/>
            </parameters>
            <steps/>
            <attachments>
                <attachment title='Screenshot' source='7a532e90-d15a-491c-ae4c-e7c152d679e9-attachment.png' type='image/png' size='231699'/>
            </attachments>
            <failure>
                <message>element ("p=Your order on My Store is complete.") still not displayed after 10000ms</message>
                <stack-trace>Error: element ("p=Your order on My Store is complete.") still not displayed after 10000ms
                    at C:\Juancho\Academy\WebdriverIO\PruebaFinal2\node_modules\webdriverio\build\commands\browser\waitUntil.js:66:23
                    at Element.wrapCommandFn (C:\Juancho\Academy\WebdriverIO\PruebaFinal2\node_modules\@wdio\utils\build\shim.js:106:29)
                    at Element.elementErrorHandlerCallbackFn (C:\Juancho\Academy\WebdriverIO\PruebaFinal2\node_modules\webdriverio\build\middlewares.js:24:32)
                    at Element.wrapCommandFn (C:\Juancho\Academy\WebdriverIO\PruebaFinal2\node_modules\@wdio\utils\build\shim.js:106:29)
                    at Element.wrapCommandFn (C:\Juancho\Academy\WebdriverIO\PruebaFinal2\node_modules\@wdio\utils\build\shim.js:106:29)
                    at Element.elementErrorHandlerCallbackFn (C:\Juancho\Academy\WebdriverIO\PruebaFinal2\node_modules\webdriverio\build\middlewares.js:24:32)
                    at Element.wrapCommandFn (C:\Juancho\Academy\WebdriverIO\PruebaFinal2\node_modules\@wdio\utils\build\shim.js:106:29)
                    at Context.&lt;anonymous> (C:\Juancho\Academy\WebdriverIO\PruebaFinal2\tests\/realizarCompra.test.js:59:9)</stack-trace>
            </failure>
        </test-case>
    </test-cases>
</ns2:test-suite>