<?xml version='1.0'?>
<ns2:test-suite xmlns:ns2='urn:model.allure.qatools.yandex.ru' start='1632344959387' stop='1632345013668'>
    <name>Agregar a carrito: </name>
    <title>Agregar a carrito: </title>
    <test-cases>
        <test-case start='1632344959388' status='passed' stop='1632344968540'>
            <name>Chequear que no haya una sesion abierta</name>
            <title>Chequear que no haya una sesion abierta</title>
            <labels>
                <label name='language' value='javascript'/>
                <label name='framework' value='wdio'/>
                <label name='thread' value='0-0'/>
            </labels>
            <parameters>
                <parameter kind='argument' name='browser' value='chrome-94.0.4606.54'/>
            </parameters>
            <steps>
                <step start='1632344965466' status='passed' stop='1632344965466'>
                    <name>Cierra sesion abierta</name>
                    <title>Cierra sesion abierta</title>
                    <attachments/>
                    <steps/>
                </step>
            </steps>
            <attachments/>
        </test-case>
        <test-case start='1632344968540' status='passed' stop='1632344978848'>
            <name>Abre usuario creado para este test</name>
            <title>Abre usuario creado para este test</title>
            <labels>
                <label name='language' value='javascript'/>
                <label name='framework' value='wdio'/>
                <label name='thread' value='0-0'/>
            </labels>
            <parameters>
                <parameter kind='argument' name='browser' value='chrome-94.0.4606.54'/>
            </parameters>
            <steps>
                <step start='1632344968541' status='passed' stop='1632344968541'>
                    <name>Inicia nuevo registro</name>
                    <title>Inicia nuevo registro</title>
                    <attachments/>
                    <steps/>
                </step>
                <step start='1632344972664' status='passed' stop='1632344972664'>
                    <name>Ingresa usuario existente</name>
                    <title>Ingresa usuario existente</title>
                    <attachments/>
                    <steps/>
                </step>
            </steps>
            <attachments/>
        </test-case>
        <test-case start='1632344978848' status='passed' stop='1632344989304'>
            <name>Busca producto pre cargado en datos y lo agrega al carrito</name>
            <title>Busca producto pre cargado en datos y lo agrega al carrito</title>
            <labels>
                <label name='language' value='javascript'/>
                <label name='framework' value='wdio'/>
                <label name='thread' value='0-0'/>
            </labels>
            <parameters>
                <parameter kind='argument' name='browser' value='chrome-94.0.4606.54'/>
            </parameters>
            <steps>
                <step start='1632344978849' status='passed' stop='1632344978849'>
                    <name>Buscar articulo</name>
                    <title>Buscar articulo</title>
                    <attachments/>
                    <steps/>
                </step>
                <step start='1632344979129' status='passed' stop='1632344979129'>
                    <name>Agrega producto a carrito</name>
                    <title>Agrega producto a carrito</title>
                    <attachments/>
                    <steps/>
                </step>
            </steps>
            <attachments/>
        </test-case>
        <test-case start='1632344989305' status='passed' stop='1632344989817'>
            <name>Comparación de imágenes: Verifica que el producto se agrego al carrito</name>
            <title>Comparación de imágenes: Verifica que el producto se agrego al carrito</title>
            <labels>
                <label name='language' value='javascript'/>
                <label name='framework' value='wdio'/>
                <label name='thread' value='0-0'/>
            </labels>
            <parameters>
                <parameter kind='argument' name='browser' value='chrome-94.0.4606.54'/>
            </parameters>
            <steps/>
            <attachments>
                <attachment title='Screenshot' source='5a38454a-893b-46cc-a86f-605c05836f91-attachment.png' type='image/png' size='231867'/>
            </attachments>
        </test-case>
        <test-case start='1632344989817' status='broken' stop='1632344993250'>
            <name>Proceder con compra</name>
            <title>Proceder con compra</title>
            <labels>
                <label name='language' value='javascript'/>
                <label name='framework' value='wdio'/>
                <label name='thread' value='0-0'/>
            </labels>
            <parameters>
                <parameter kind='argument' name='browser' value='chrome-94.0.4606.54'/>
            </parameters>
            <steps/>
            <attachments>
                <attachment title='Screenshot' source='f85472ef-f4b3-434a-b19c-faeef31cc3b6-attachment.png' type='image/png' size='188194'/>
            </attachments>
            <failure>
                <message>elemento.waitForClickable is not a function</message>
                <stack-trace>TypeError: elemento.waitForClickable is not a function
                    at ShoppingCartSummaryPage.clickearElemento (C:\Juancho\Academy\WebdriverIO\PruebaFinal2\pages\/base.page.js:37:23)
                    at ShoppingCartSummaryPage.procederCheckout (C:\Juancho\Academy\WebdriverIO\PruebaFinal2\pages\/shoppingCartSummary.page.js:28:20)
                    at processTicksAndRejections (internal/process/task_queues.js:97:5)
                    at Context.&lt;anonymous> (C:\Juancho\Academy\WebdriverIO\PruebaFinal2\tests\/realizarCompra.test.js:49:9)</stack-trace>
            </failure>
        </test-case>
        <test-case start='1632344993251' status='broken' stop='1632345003479'>
            <name>Selecciono Metodo de Pago</name>
            <title>Selecciono Metodo de Pago</title>
            <labels>
                <label name='language' value='javascript'/>
                <label name='framework' value='wdio'/>
                <label name='thread' value='0-0'/>
            </labels>
            <parameters>
                <parameter kind='argument' name='browser' value='chrome-94.0.4606.54'/>
            </parameters>
            <steps>
                <step start='1632344993251' status='passed' stop='1632344993251'>
                    <name>Selecciono metodo de pago</name>
                    <title>Selecciono metodo de pago</title>
                    <attachments/>
                    <steps/>
                </step>
            </steps>
            <attachments>
                <attachment title='Screenshot' source='8831714e-aace-42a7-8a9b-5f62c34956ff-attachment.png' type='image/png' size='90540'/>
            </attachments>
            <failure>
                <message>element (".cheque") still not clickable after 10000ms</message>
                <stack-trace>Error: element (".cheque") still not clickable after 10000ms
                    at C:\Juancho\Academy\WebdriverIO\PruebaFinal2\node_modules\webdriverio\build\commands\browser\waitUntil.js:66:23
                    at Element.wrapCommandFn (C:\Juancho\Academy\WebdriverIO\PruebaFinal2\node_modules\@wdio\utils\build\shim.js:106:29)
                    at Element.elementErrorHandlerCallbackFn (C:\Juancho\Academy\WebdriverIO\PruebaFinal2\node_modules\webdriverio\build\middlewares.js:24:32)
                    at Element.wrapCommandFn (C:\Juancho\Academy\WebdriverIO\PruebaFinal2\node_modules\@wdio\utils\build\shim.js:106:29)
                    at Element.wrapCommandFn (C:\Juancho\Academy\WebdriverIO\PruebaFinal2\node_modules\@wdio\utils\build\shim.js:106:29)
                    at Element.elementErrorHandlerCallbackFn (C:\Juancho\Academy\WebdriverIO\PruebaFinal2\node_modules\webdriverio\build\middlewares.js:24:32)
                    at Element.wrapCommandFn (C:\Juancho\Academy\WebdriverIO\PruebaFinal2\node_modules\@wdio\utils\build\shim.js:106:29)
                    at PaymanetMethodPage.clickearElemento (C:\Juancho\Academy\WebdriverIO\PruebaFinal2\pages\/base.page.js:37:8)
                    at PaymanetMethodPage.seleccionarMetodoPago (C:\Juancho\Academy\WebdriverIO\PruebaFinal2\pages\/paymentMethod.page.js:18:9)
                    at Context.&lt;anonymous> (C:\Juancho\Academy\WebdriverIO\PruebaFinal2\tests\/realizarCompra.test.js:55:9)</stack-trace>
            </failure>
        </test-case>
        <test-case start='1632345003479' status='broken' stop='1632345013667'>
            <name>Comparación de imágenes: verifica la compra final</name>
            <title>Comparación de imágenes: verifica la compra final</title>
            <labels>
                <label name='language' value='javascript'/>
                <label name='framework' value='wdio'/>
                <label name='thread' value='0-0'/>
            </labels>
            <parameters>
                <parameter kind='argument' name='browser' value='chrome-94.0.4606.54'/>
            </parameters>
            <steps/>
            <attachments>
                <attachment title='Screenshot' source='1ce91f8a-5650-455f-ad49-546e4590a5b6-attachment.png' type='image/png' size='72209'/>
            </attachments>
            <failure>
                <message>element ("p=Your order on My Store is complete.") still not displayed after 10000ms</message>
                <stack-trace>Error: element ("p=Your order on My Store is complete.") still not displayed after 10000ms
                    at C:\Juancho\Academy\WebdriverIO\PruebaFinal2\node_modules\webdriverio\build\commands\browser\waitUntil.js:66:23
                    at Element.wrapCommandFn (C:\Juancho\Academy\WebdriverIO\PruebaFinal2\node_modules\@wdio\utils\build\shim.js:106:29)
                    at Element.elementErrorHandlerCallbackFn (C:\Juancho\Academy\WebdriverIO\PruebaFinal2\node_modules\webdriverio\build\middlewares.js:24:32)
                    at Element.wrapCommandFn (C:\Juancho\Academy\WebdriverIO\PruebaFinal2\node_modules\@wdio\utils\build\shim.js:106:29)
                    at Element.wrapCommandFn (C:\Juancho\Academy\WebdriverIO\PruebaFinal2\node_modules\@wdio\utils\build\shim.js:106:29)
                    at Element.elementErrorHandlerCallbackFn (C:\Juancho\Academy\WebdriverIO\PruebaFinal2\node_modules\webdriverio\build\middlewares.js:24:32)
                    at Element.wrapCommandFn (C:\Juancho\Academy\WebdriverIO\PruebaFinal2\node_modules\@wdio\utils\build\shim.js:106:29)
                    at Context.&lt;anonymous> (C:\Juancho\Academy\WebdriverIO\PruebaFinal2\tests\/realizarCompra.test.js:60:9)</stack-trace>
            </failure>
        </test-case>
    </test-cases>
</ns2:test-suite>