<?xml version='1.0'?>
<ns2:test-suite xmlns:ns2='urn:model.allure.qatools.yandex.ru' start='1632699178330' stop='1632699195038'>
    <name>Registro: </name>
    <title>Registro: </title>
    <test-cases>
        <test-case start='1632699178330' status='broken' stop='1632699185078'>
            <name>Comienza un nuevo registro</name>
            <title>Comienza un nuevo registro</title>
            <labels>
                <label name='language' value='javascript'/>
                <label name='framework' value='wdio'/>
                <label name='thread' value='0-0'/>
            </labels>
            <parameters>
                <parameter kind='argument' name='browser' value='chrome-94.0.4606.54'/>
            </parameters>
            <steps>
                <step start='1632699183018' status='passed' stop='1632699183018'>
                    <name>Inicia nuevo registro</name>
                    <title>Inicia nuevo registro</title>
                    <attachments/>
                    <steps/>
                </step>
                <step start='1632699184638' status='passed' stop='1632699184638'>
                    <name>Comienza nuevo registro</name>
                    <title>Comienza nuevo registro</title>
                    <attachments/>
                    <steps/>
                </step>
            </steps>
            <attachments>
                <attachment title='Screenshot' source='cf2a82c1-fa95-4e97-8903-ab2c978d30a5-attachment.png' type='image/png' size='154522'/>
            </attachments>
            <failure>
                <message>this.randomString is not a function</message>
                <stack-trace>TypeError: this.randomString is not a function
                    at AuthenticationPage.nuevoRegistro (C:\Juancho\Academy\WebdriverIO\PruebaFinal2\pages\/authentication.page.js:26:73)
                    at processTicksAndRejections (internal/process/task_queues.js:97:5)
                    at Context.&lt;anonymous> (C:\Juancho\Academy\WebdriverIO\PruebaFinal2\tests\/crearUsuario.test.js:11:9)</stack-trace>
            </failure>
        </test-case>
        <test-case start='1632699185078' status='broken' stop='1632699189821'>
            <name>Llena datos</name>
            <title>Llena datos</title>
            <labels>
                <label name='language' value='javascript'/>
                <label name='framework' value='wdio'/>
                <label name='thread' value='0-0'/>
            </labels>
            <parameters>
                <parameter kind='argument' name='browser' value='chrome-94.0.4606.54'/>
            </parameters>
            <steps>
                <step start='1632699185079' status='passed' stop='1632699185079'>
                    <name>Carga datos de usuario</name>
                    <title>Carga datos de usuario</title>
                    <attachments/>
                    <steps/>
                </step>
            </steps>
            <attachments>
                <attachment title='Screenshot' source='722a641f-8150-4a4d-b874-989a102fe64c-attachment.png' type='image/png' size='154522'/>
            </attachments>
            <failure>
                <message>Can't call click on element with selector "#id_gender1" because element wasn't found</message>
                <stack-trace>Error: Can't call click on element with selector "#id_gender1" because element wasn't found
                    at Object.implicitWait [as default] (C:\Juancho\Academy\WebdriverIO\PruebaFinal2\node_modules\webdriverio\build\utils\implicitWait.js:34:19)
                    at processTicksAndRejections (internal/process/task_queues.js:97:5)</stack-trace>
            </failure>
        </test-case>
        <test-case start='1632699189821' status='broken' stop='1632699195037'>
            <name>Verifica que la cuenta se haya creado</name>
            <title>Verifica que la cuenta se haya creado</title>
            <labels>
                <label name='language' value='javascript'/>
                <label name='framework' value='wdio'/>
                <label name='thread' value='0-0'/>
            </labels>
            <parameters>
                <parameter kind='argument' name='browser' value='chrome-94.0.4606.54'/>
            </parameters>
            <steps/>
            <attachments>
                <attachment title='Screenshot' source='d1e4994a-20ef-47ae-acb8-95e00e91896a-attachment.png' type='image/png' size='154522'/>
            </attachments>
            <failure>
                <message>Can't call getText on element with selector ".info-account" because element wasn't found</message>
                <stack-trace>Error: Can't call getText on element with selector ".info-account" because element wasn't found
                    at Object.implicitWait [as default] (C:\Juancho\Academy\WebdriverIO\PruebaFinal2\node_modules\webdriverio\build\utils\implicitWait.js:34:19)</stack-trace>
            </failure>
        </test-case>
    </test-cases>
</ns2:test-suite>