<?xml version='1.0'?>
<ns2:test-suite xmlns:ns2='urn:model.allure.qatools.yandex.ru' start='1632094745987' stop='1632094795596'>
    <name>Agregar a carrito: </name>
    <title>Agregar a carrito: </title>
    <test-cases>
        <test-case start='1632094745988' status='passed' stop='1632094757791'>
            <name>Chequear que no haya una sesion abierta</name>
            <title>Chequear que no haya una sesion abierta</title>
            <labels>
                <label name='language' value='javascript'/>
                <label name='framework' value='wdio'/>
                <label name='thread' value='0-0'/>
            </labels>
            <parameters>
                <parameter kind='argument' name='browser' value='chrome-93.0.4577.82'/>
            </parameters>
            <steps>
                <step start='1632094754707' status='passed' stop='1632094754707'>
                    <name>Cierra sesion abierta</name>
                    <title>Cierra sesion abierta</title>
                    <attachments/>
                    <steps/>
                </step>
            </steps>
            <attachments/>
        </test-case>
        <test-case start='1632094757792' status='passed' stop='1632094766070'>
            <name>Abre usuario creado para este test</name>
            <title>Abre usuario creado para este test</title>
            <labels>
                <label name='language' value='javascript'/>
                <label name='framework' value='wdio'/>
                <label name='thread' value='0-0'/>
            </labels>
            <parameters>
                <parameter kind='argument' name='browser' value='chrome-93.0.4577.82'/>
            </parameters>
            <steps>
                <step start='1632094757793' status='passed' stop='1632094757793'>
                    <name>Inicia nuevo registro</name>
                    <title>Inicia nuevo registro</title>
                    <attachments/>
                    <steps/>
                </step>
                <step start='1632094759986' status='passed' stop='1632094759986'>
                    <name>Ingresa usuario existente</name>
                    <title>Ingresa usuario existente</title>
                    <attachments/>
                    <steps/>
                </step>
            </steps>
            <attachments/>
        </test-case>
        <test-case start='1632094766071' status='passed' stop='1632094774374'>
            <name>Busca producto pre cargado en datos y lo agrega al carrito</name>
            <title>Busca producto pre cargado en datos y lo agrega al carrito</title>
            <labels>
                <label name='language' value='javascript'/>
                <label name='framework' value='wdio'/>
                <label name='thread' value='0-0'/>
            </labels>
            <parameters>
                <parameter kind='argument' name='browser' value='chrome-93.0.4577.82'/>
            </parameters>
            <steps>
                <step start='1632094766072' status='passed' stop='1632094766072'>
                    <name>Buscar articulo</name>
                    <title>Buscar articulo</title>
                    <attachments/>
                    <steps/>
                </step>
                <step start='1632094766352' status='passed' stop='1632094766352'>
                    <name>Agrega producto a carrito</name>
                    <title>Agrega producto a carrito</title>
                    <attachments/>
                    <steps/>
                </step>
            </steps>
            <attachments/>
        </test-case>
        <test-case start='1632094774374' status='passed' stop='1632094774870'>
            <name>Comparación de imágenes: Verifica que el producto se agrego al carrito</name>
            <title>Comparación de imágenes: Verifica que el producto se agrego al carrito</title>
            <labels>
                <label name='language' value='javascript'/>
                <label name='framework' value='wdio'/>
                <label name='thread' value='0-0'/>
            </labels>
            <parameters>
                <parameter kind='argument' name='browser' value='chrome-93.0.4577.82'/>
            </parameters>
            <steps/>
            <attachments>
                <attachment title='Screenshot' source='35e304f5-e1f9-47c4-9cfa-2ee924805795-attachment.png' type='image/png' size='235463'/>
            </attachments>
        </test-case>
        <test-case start='1632094774870' status='broken' stop='1632094775093'>
            <name>Proceder con compra</name>
            <title>Proceder con compra</title>
            <labels>
                <label name='language' value='javascript'/>
                <label name='framework' value='wdio'/>
                <label name='thread' value='0-0'/>
            </labels>
            <parameters>
                <parameter kind='argument' name='browser' value='chrome-93.0.4577.82'/>
            </parameters>
            <steps/>
            <attachments>
                <attachment title='Screenshot' source='c3a53863-d75a-45cd-81b0-f1b9a5d4e551-attachment.png' type='image/png' size='235726'/>
            </attachments>
            <failure>
                <message>elemento.waitForClickable is not a function</message>
                <stack-trace>TypeError: elemento.waitForClickable is not a function
                    at SearchPage.clickearElemento (C:\Juancho\Academy\WebdriverIO\PruebaFinal2\pages\/base.page.js:37:23)
                    at Context.&lt;anonymous> (C:\Juancho\Academy\WebdriverIO\PruebaFinal2\tests\/realizarCompra.test.js:45:26)</stack-trace>
            </failure>
        </test-case>
        <test-case start='1632094775093' status='broken' stop='1632094785334'>
            <name>Selecciono Metodo de Pago</name>
            <title>Selecciono Metodo de Pago</title>
            <labels>
                <label name='language' value='javascript'/>
                <label name='framework' value='wdio'/>
                <label name='thread' value='0-0'/>
            </labels>
            <parameters>
                <parameter kind='argument' name='browser' value='chrome-93.0.4577.82'/>
            </parameters>
            <steps>
                <step start='1632094775093' status='passed' stop='1632094775093'>
                    <name>Selecciono metodo de pago</name>
                    <title>Selecciono metodo de pago</title>
                    <attachments/>
                    <steps/>
                </step>
            </steps>
            <attachments>
                <attachment title='Screenshot' source='823d78b6-cbbd-416a-a41e-86ad03debf7d-attachment.png' type='image/png' size='235726'/>
            </attachments>
            <failure>
                <message>element (".cheque") still not clickable after 10000ms</message>
                <stack-trace>Error: element (".cheque") still not clickable after 10000ms
                    at C:\Juancho\Academy\WebdriverIO\PruebaFinal2\node_modules\webdriverio\build\commands\browser\waitUntil.js:66:23
                    at Element.wrapCommandFn (C:\Juancho\Academy\WebdriverIO\PruebaFinal2\node_modules\@wdio\utils\build\shim.js:106:29)
                    at Element.elementErrorHandlerCallbackFn (C:\Juancho\Academy\WebdriverIO\PruebaFinal2\node_modules\webdriverio\build\middlewares.js:24:32)
                    at Element.wrapCommandFn (C:\Juancho\Academy\WebdriverIO\PruebaFinal2\node_modules\@wdio\utils\build\shim.js:106:29)
                    at Element.wrapCommandFn (C:\Juancho\Academy\WebdriverIO\PruebaFinal2\node_modules\@wdio\utils\build\shim.js:106:29)
                    at Element.elementErrorHandlerCallbackFn (C:\Juancho\Academy\WebdriverIO\PruebaFinal2\node_modules\webdriverio\build\middlewares.js:24:32)
                    at Element.wrapCommandFn (C:\Juancho\Academy\WebdriverIO\PruebaFinal2\node_modules\@wdio\utils\build\shim.js:106:29)
                    at PaymanetMethodPage.clickearElemento (C:\Juancho\Academy\WebdriverIO\PruebaFinal2\pages\/base.page.js:37:8)
                    at PaymanetMethodPage.seleccionarMetodoPago (C:\Juancho\Academy\WebdriverIO\PruebaFinal2\pages\/paymentMethod.page.js:18:9)
                    at Context.&lt;anonymous> (C:\Juancho\Academy\WebdriverIO\PruebaFinal2\tests\/realizarCompra.test.js:52:9)</stack-trace>
            </failure>
        </test-case>
        <test-case start='1632094785334' status='broken' stop='1632094795594'>
            <name>Comparación de imágenes: verifica la compra final</name>
            <title>Comparación de imágenes: verifica la compra final</title>
            <labels>
                <label name='language' value='javascript'/>
                <label name='framework' value='wdio'/>
                <label name='thread' value='0-0'/>
            </labels>
            <parameters>
                <parameter kind='argument' name='browser' value='chrome-93.0.4577.82'/>
            </parameters>
            <steps/>
            <attachments>
                <attachment title='Screenshot' source='085f2a0e-b941-4448-9f6f-d71d0939a8bb-attachment.png' type='image/png' size='235726'/>
            </attachments>
            <failure>
                <message>element ("p=Your order on My Store is complete.") still not displayed after 10000ms</message>
                <stack-trace>Error: element ("p=Your order on My Store is complete.") still not displayed after 10000ms
                    at C:\Juancho\Academy\WebdriverIO\PruebaFinal2\node_modules\webdriverio\build\commands\browser\waitUntil.js:66:23
                    at Element.wrapCommandFn (C:\Juancho\Academy\WebdriverIO\PruebaFinal2\node_modules\@wdio\utils\build\shim.js:106:29)
                    at Element.elementErrorHandlerCallbackFn (C:\Juancho\Academy\WebdriverIO\PruebaFinal2\node_modules\webdriverio\build\middlewares.js:24:32)
                    at Element.wrapCommandFn (C:\Juancho\Academy\WebdriverIO\PruebaFinal2\node_modules\@wdio\utils\build\shim.js:106:29)
                    at Element.wrapCommandFn (C:\Juancho\Academy\WebdriverIO\PruebaFinal2\node_modules\@wdio\utils\build\shim.js:106:29)
                    at Element.elementErrorHandlerCallbackFn (C:\Juancho\Academy\WebdriverIO\PruebaFinal2\node_modules\webdriverio\build\middlewares.js:24:32)
                    at Element.wrapCommandFn (C:\Juancho\Academy\WebdriverIO\PruebaFinal2\node_modules\@wdio\utils\build\shim.js:106:29)
                    at Context.&lt;anonymous> (C:\Juancho\Academy\WebdriverIO\PruebaFinal2\tests\/realizarCompra.test.js:57:9)</stack-trace>
            </failure>
        </test-case>
    </test-cases>
</ns2:test-suite>