<?xml version='1.0'?>
<ns2:test-suite xmlns:ns2='urn:model.allure.qatools.yandex.ru' start='1632092546322' stop='1632092594219'>
    <name>Agregar a carrito: </name>
    <title>Agregar a carrito: </title>
    <test-cases>
        <test-case start='1632092546323' status='passed' stop='1632092555468'>
            <name>Chequear que no haya una sesion abierta</name>
            <title>Chequear que no haya una sesion abierta</title>
            <labels>
                <label name='language' value='javascript'/>
                <label name='framework' value='wdio'/>
                <label name='thread' value='0-0'/>
            </labels>
            <parameters>
                <parameter kind='argument' name='browser' value='chrome-93.0.4577.82'/>
            </parameters>
            <steps>
                <step start='1632092552394' status='passed' stop='1632092552395'>
                    <name>Cierra sesion abierta</name>
                    <title>Cierra sesion abierta</title>
                    <attachments/>
                    <steps/>
                </step>
            </steps>
            <attachments/>
        </test-case>
        <test-case start='1632092555468' status='passed' stop='1632092563191'>
            <name>Abre usuario creado para este test</name>
            <title>Abre usuario creado para este test</title>
            <labels>
                <label name='language' value='javascript'/>
                <label name='framework' value='wdio'/>
                <label name='thread' value='0-0'/>
            </labels>
            <parameters>
                <parameter kind='argument' name='browser' value='chrome-93.0.4577.82'/>
            </parameters>
            <steps>
                <step start='1632092555468' status='passed' stop='1632092555468'>
                    <name>Inicia nuevo registro</name>
                    <title>Inicia nuevo registro</title>
                    <attachments/>
                    <steps/>
                </step>
                <step start='1632092557504' status='passed' stop='1632092557504'>
                    <name>Ingresa usuario existente</name>
                    <title>Ingresa usuario existente</title>
                    <attachments/>
                    <steps/>
                </step>
            </steps>
            <attachments/>
        </test-case>
        <test-case start='1632092563191' status='passed' stop='1632092573069'>
            <name>Busca producto pre cargado en datos y lo agrega al carrito</name>
            <title>Busca producto pre cargado en datos y lo agrega al carrito</title>
            <labels>
                <label name='language' value='javascript'/>
                <label name='framework' value='wdio'/>
                <label name='thread' value='0-0'/>
            </labels>
            <parameters>
                <parameter kind='argument' name='browser' value='chrome-93.0.4577.82'/>
            </parameters>
            <steps>
                <step start='1632092563191' status='passed' stop='1632092563191'>
                    <name>Buscar articulo</name>
                    <title>Buscar articulo</title>
                    <attachments/>
                    <steps/>
                </step>
                <step start='1632092563452' status='passed' stop='1632092563452'>
                    <name>Agrega producto a carrito</name>
                    <title>Agrega producto a carrito</title>
                    <attachments/>
                    <steps/>
                </step>
            </steps>
            <attachments/>
        </test-case>
        <test-case start='1632092573069' status='passed' stop='1632092573551'>
            <name>Comparación de imágenes: Verifica que el producto se agrego al carrito</name>
            <title>Comparación de imágenes: Verifica que el producto se agrego al carrito</title>
            <labels>
                <label name='language' value='javascript'/>
                <label name='framework' value='wdio'/>
                <label name='thread' value='0-0'/>
            </labels>
            <parameters>
                <parameter kind='argument' name='browser' value='chrome-93.0.4577.82'/>
            </parameters>
            <steps/>
            <attachments>
                <attachment title='Screenshot' source='abc5887a-7b4b-4c5c-adff-c2af67884b0b-attachment.png' type='image/png' size='235463'/>
            </attachments>
        </test-case>
        <test-case start='1632092573551' status='broken' stop='1632092573751'>
            <name>Proceder con compra</name>
            <title>Proceder con compra</title>
            <labels>
                <label name='language' value='javascript'/>
                <label name='framework' value='wdio'/>
                <label name='thread' value='0-0'/>
            </labels>
            <parameters>
                <parameter kind='argument' name='browser' value='chrome-93.0.4577.82'/>
            </parameters>
            <steps/>
            <attachments>
                <attachment title='Screenshot' source='378610f1-7b01-4523-9c92-e96955df37a2-attachment.png' type='image/png' size='235726'/>
            </attachments>
            <failure>
                <message>elemento.waitForClickable is not a function</message>
                <stack-trace>TypeError: elemento.waitForClickable is not a function
                    at SearchPage.clickearElemento (C:\Juancho\Academy\WebdriverIO\PruebaFinal2\pages\/base.page.js:37:23)
                    at SearchPage.procederCheckout (C:\Juancho\Academy\WebdriverIO\PruebaFinal2\pages\/search.page.js:24:20)
                    at Context.&lt;anonymous> (C:\Juancho\Academy\WebdriverIO\PruebaFinal2\tests\/realizarCompra.test.js:44:9)</stack-trace>
            </failure>
        </test-case>
        <test-case start='1632092573751' status='broken' stop='1632092583984'>
            <name>Selecciono Metodo de Pago</name>
            <title>Selecciono Metodo de Pago</title>
            <labels>
                <label name='language' value='javascript'/>
                <label name='framework' value='wdio'/>
                <label name='thread' value='0-0'/>
            </labels>
            <parameters>
                <parameter kind='argument' name='browser' value='chrome-93.0.4577.82'/>
            </parameters>
            <steps>
                <step start='1632092573752' status='passed' stop='1632092573752'>
                    <name>Selecciono metodo de pago</name>
                    <title>Selecciono metodo de pago</title>
                    <attachments/>
                    <steps/>
                </step>
            </steps>
            <attachments>
                <attachment title='Screenshot' source='d2c6fd58-6c2b-483f-8d1a-b9f1908b4a97-attachment.png' type='image/png' size='235726'/>
            </attachments>
            <failure>
                <message>element (".cheque") still not clickable after 10000ms</message>
                <stack-trace>Error: element (".cheque") still not clickable after 10000ms
                    at C:\Juancho\Academy\WebdriverIO\PruebaFinal2\node_modules\webdriverio\build\commands\browser\waitUntil.js:66:23
                    at Element.wrapCommandFn (C:\Juancho\Academy\WebdriverIO\PruebaFinal2\node_modules\@wdio\utils\build\shim.js:106:29)
                    at Element.elementErrorHandlerCallbackFn (C:\Juancho\Academy\WebdriverIO\PruebaFinal2\node_modules\webdriverio\build\middlewares.js:24:32)
                    at Element.wrapCommandFn (C:\Juancho\Academy\WebdriverIO\PruebaFinal2\node_modules\@wdio\utils\build\shim.js:106:29)
                    at Element.wrapCommandFn (C:\Juancho\Academy\WebdriverIO\PruebaFinal2\node_modules\@wdio\utils\build\shim.js:106:29)
                    at Element.elementErrorHandlerCallbackFn (C:\Juancho\Academy\WebdriverIO\PruebaFinal2\node_modules\webdriverio\build\middlewares.js:24:32)
                    at Element.wrapCommandFn (C:\Juancho\Academy\WebdriverIO\PruebaFinal2\node_modules\@wdio\utils\build\shim.js:106:29)
                    at PaymanetMethodPage.clickearElemento (C:\Juancho\Academy\WebdriverIO\PruebaFinal2\pages\/base.page.js:37:8)
                    at PaymanetMethodPage.seleccionarMetodoPago (C:\Juancho\Academy\WebdriverIO\PruebaFinal2\pages\/paymentMethod.page.js:18:9)
                    at Context.&lt;anonymous> (C:\Juancho\Academy\WebdriverIO\PruebaFinal2\tests\/realizarCompra.test.js:51:9)</stack-trace>
            </failure>
        </test-case>
        <test-case start='1632092583984' status='broken' stop='1632092594217'>
            <name>Comparación de imágenes: verifica la compra final</name>
            <title>Comparación de imágenes: verifica la compra final</title>
            <labels>
                <label name='language' value='javascript'/>
                <label name='framework' value='wdio'/>
                <label name='thread' value='0-0'/>
            </labels>
            <parameters>
                <parameter kind='argument' name='browser' value='chrome-93.0.4577.82'/>
            </parameters>
            <steps/>
            <attachments>
                <attachment title='Screenshot' source='da8565de-1dc7-4154-a7b4-ab608fbb543b-attachment.png' type='image/png' size='235726'/>
            </attachments>
            <failure>
                <message>element ("p=Your order on My Store is complete.") still not displayed after 10000ms</message>
                <stack-trace>Error: element ("p=Your order on My Store is complete.") still not displayed after 10000ms
                    at C:\Juancho\Academy\WebdriverIO\PruebaFinal2\node_modules\webdriverio\build\commands\browser\waitUntil.js:66:23
                    at Element.wrapCommandFn (C:\Juancho\Academy\WebdriverIO\PruebaFinal2\node_modules\@wdio\utils\build\shim.js:106:29)
                    at Element.elementErrorHandlerCallbackFn (C:\Juancho\Academy\WebdriverIO\PruebaFinal2\node_modules\webdriverio\build\middlewares.js:24:32)
                    at Element.wrapCommandFn (C:\Juancho\Academy\WebdriverIO\PruebaFinal2\node_modules\@wdio\utils\build\shim.js:106:29)
                    at Element.wrapCommandFn (C:\Juancho\Academy\WebdriverIO\PruebaFinal2\node_modules\@wdio\utils\build\shim.js:106:29)
                    at Element.elementErrorHandlerCallbackFn (C:\Juancho\Academy\WebdriverIO\PruebaFinal2\node_modules\webdriverio\build\middlewares.js:24:32)
                    at Element.wrapCommandFn (C:\Juancho\Academy\WebdriverIO\PruebaFinal2\node_modules\@wdio\utils\build\shim.js:106:29)
                    at Context.&lt;anonymous> (C:\Juancho\Academy\WebdriverIO\PruebaFinal2\tests\/realizarCompra.test.js:56:9)</stack-trace>
            </failure>
        </test-case>
    </test-cases>
</ns2:test-suite>